<?xml version="1.0" encoding="UTF-8"?>
<!-- Generated by org.testng.reporters.JUnitReportReporter -->
<testsuite hostname="DESKTOP-TH085TJ" failures="0" tests="2" name="TestScenarios.TestMethodManagement" time="17.339" errors="0" timestamp="2023-08-02T16:13:17 IST" skipped="0">
  <testcase classname="TestScenarios.TestMethodManagement" name="login1" time="2.429"/>
  <system-out/>
  <testcase classname="TestScenarios.TestMethodManagement" name="dataDown" time="14.910"/>
  <system-out/>
</testsuite> <!-- TestScenarios.TestMethodManagement -->
